<?xml version="1.0" encoding="UTF-8"?>
<!-- Generated by org.testng.reporters.JUnitReportReporter -->
<testsuite hostname="DESKTOP-H0QBEHU" failures="0" tests="1" name="Day15_Data_driven.WaitLogin" time="5.796" errors="0" timestamp="2024-04-01T15:38:57 CDT" skipped="0">
  <testcase classname="Day15_Data_driven.WaitLogin" name="ValidCredentails" time="5.796"/>
</testsuite> <!-- Day15_Data_driven.WaitLogin -->
