<?xml version="1.0" encoding="UTF-8"?>
<!-- Generated by org.testng.reporters.JUnitReportReporter -->
<testsuite hostname="DESKTOP-H0QBEHU" failures="0" tests="3" name="Day16.Rules_Data_Provider" time="0.010" errors="0" timestamp="2024-04-02T10:57:19 CDT" skipped="0">
  <testcase classname="Day16.Rules_Data_Provider" name="loginTest" time="0.007"/>
  <testcase classname="Day16.Rules_Data_Provider" name="loginTest" time="0.001"/>
  <testcase classname="Day16.Rules_Data_Provider" name="loginTest" time="0.002"/>
</testsuite> <!-- Day16.Rules_Data_Provider -->
