<?xml version="1.0" encoding="UTF-8"?>
<!-- Generated by org.testng.reporters.JUnitReportReporter -->
<testsuite hostname="DESKTOP-H0QBEHU" failures="0" tests="2" name="Day11.NewTab" time="53.191" errors="0" timestamp="2024-04-04T08:17:50 CDT" skipped="0">
  <testcase classname="Day11.NewTab" name="howToUseClear" time="16.318"/>
  <testcase classname="Day11.NewTab" name="openNewTab" time="36.873"/>
</testsuite> <!-- Day11.NewTab -->
