<?xml version="1.0" encoding="UTF-8"?>
<!-- Generated by org.testng.reporters.JUnitReportReporter -->
<testsuite hostname="DESKTOP-H0QBEHU" failures="0" tests="2" name="Day9th.TriCombo_Application_In_Automation" time="12.105" errors="0" timestamp="2024-03-25T12:22:59 CDT" skipped="0">
  <testcase classname="Day9th.TriCombo_Application_In_Automation" name="registerTest" time="6.459"/>
  <testcase classname="Day9th.TriCombo_Application_In_Automation" name="loginTest" time="5.646"/>
</testsuite> <!-- Day9th.TriCombo_Application_In_Automation -->
