<?xml version="1.0" encoding="UTF-8"?>
<!-- Generated by org.testng.reporters.JUnitReportReporter -->
<testsuite hostname="DESKTOP-H0QBEHU" failures="0" tests="5" name="Day16.Login" time="28.403" errors="0" timestamp="2024-04-02T11:16:14 CDT" skipped="0">
  <testcase classname="Day16.Login" name="loginTest" time="4.972"/>
  <testcase classname="Day16.Login" name="loginTest" time="7.561"/>
  <testcase classname="Day16.Login" name="loginTest" time="5.460"/>
  <testcase classname="Day16.Login" name="loginTest" time="5.074"/>
  <testcase classname="Day16.Login" name="loginTest" time="5.336"/>
</testsuite> <!-- Day16.Login -->
