<?xml version="1.0" encoding="UTF-8"?>
<!-- Generated by org.testng.reporters.JUnitReportReporter -->
<testsuite hostname="DESKTOP-H0QBEHU" failures="0" tests="1" name="Batch_Test.Test4" time="2.361" errors="0" timestamp="2024-03-30T09:52:28 CDT" skipped="0">
  <testcase classname="Batch_Test.Test4" name="answer1" time="2.361"/>
</testsuite> <!-- Batch_Test.Test4 -->
