<?xml version="1.0" encoding="UTF-8"?>
<!-- Generated by org.testng.reporters.JUnitReportReporter -->
<testsuite hostname="DESKTOP-H0QBEHU" failures="0" tests="1" name="Day23_Collection_Framwork.Assignment" time="5.607" errors="0" timestamp="2024-04-16T10:20:08 CDT" skipped="0">
  <testcase classname="Day23_Collection_Framwork.Assignment" name="assignment3" time="5.607"/>
</testsuite> <!-- Day23_Collection_Framwork.Assignment -->
