<?xml version="1.0" encoding="UTF-8"?>
<!-- Generated by org.testng.reporters.JUnitReportReporter -->
<testsuite hostname="DESKTOP-H0QBEHU" failures="0" tests="1" name="Day18WaitBrowserOpetion.ChromeOption" time="5.608" errors="0" timestamp="2024-04-04T09:54:02 CDT" skipped="0">
  <testcase classname="Day18WaitBrowserOpetion.ChromeOption" name="handlingAlertOrPopUps" time="5.608"/>
</testsuite> <!-- Day18WaitBrowserOpetion.ChromeOption -->
