<?xml version="1.0" encoding="UTF-8"?>
<!-- Generated by org.testng.reporters.JUnitReportReporter -->
<testsuite hostname="DESKTOP-H0QBEHU" failures="0" tests="1" name="Day12.TN_Register_Assert" time="6.032" errors="0" timestamp="2024-03-27T09:56:25 CDT" skipped="0">
  <testcase classname="Day12.TN_Register_Assert" name="RegisterAssert" time="6.032"/>
</testsuite> <!-- Day12.TN_Register_Assert -->
