<?xml version="1.0" encoding="UTF-8"?>
<!-- Generated by org.testng.reporters.JUnitReportReporter -->
<testsuite hostname="DESKTOP-H0QBEHU" failures="0" tests="1" name="Day18WaitBrowserOpetion.Alerts_PopUps" time="4.453" errors="0" timestamp="2024-04-04T09:45:02 CDT" skipped="0">
  <testcase classname="Day18WaitBrowserOpetion.Alerts_PopUps" name="handlingAlertOrPopUps" time="4.453"/>
</testsuite> <!-- Day18WaitBrowserOpetion.Alerts_PopUps -->
