<?xml version="1.0" encoding="UTF-8"?>
<!-- Generated by org.testng.reporters.JUnitReportReporter -->
<testsuite hostname="DESKTOP-H0QBEHU" failures="0" tests="1" name="Day23_Collection_Framwork.DropDown" time="25.736" errors="0" timestamp="2024-04-16T15:05:38 CDT" skipped="0">
  <testcase classname="Day23_Collection_Framwork.DropDown" name="makeMyTripAutoSuggestiveDropdown" time="25.736"/>
</testsuite> <!-- Day23_Collection_Framwork.DropDown -->
