<?xml version="1.0" encoding="UTF-8"?>
<!-- Generated by org.testng.reporters.JUnitReportReporter -->
<testsuite hostname="DESKTOP-H0QBEHU" failures="0" tests="6" name="Day20.RegeressionTestCases" time="0.017" errors="0" timestamp="2024-04-11T09:36:59 CDT" skipped="0">
  <testcase classname="Day20.RegeressionTestCases" name="test7" time="0.002"/>
  <testcase classname="Day20.RegeressionTestCases" name="test7" time="0.009"/>
  <testcase classname="Day20.RegeressionTestCases" name="test8" time="0.003"/>
  <testcase classname="Day20.RegeressionTestCases" name="test8" time="0.001"/>
  <testcase classname="Day20.RegeressionTestCases" name="test9" time="0.001"/>
  <testcase classname="Day20.RegeressionTestCases" name="test9" time="0.001"/>
</testsuite> <!-- Day20.RegeressionTestCases -->
