<?xml version="1.0" encoding="UTF-8"?>
<!-- Generated by org.testng.reporters.JUnitReportReporter -->
<testsuite hostname="DESKTOP-H0QBEHU" failures="0" tests="2" name="Day17_Read_FromExcelSheet.Parameterisation_TN" time="11.709" errors="0" timestamp="2024-04-03T14:06:37 CDT" skipped="0">
  <testcase classname="Day17_Read_FromExcelSheet.Parameterisation_TN" name="loginTNParameterizationConcept" time="5.596"/>
  <testcase classname="Day17_Read_FromExcelSheet.Parameterisation_TN" name="registerTNParameterizationConcept" time="6.113"/>
</testsuite> <!-- Day17_Read_FromExcelSheet.Parameterisation_TN -->
