<?xml version="1.0" encoding="UTF-8"?>
<!-- Generated by org.testng.reporters.JUnitReportReporter -->
<testsuite hostname="DESKTOP-H0QBEHU" failures="0" tests="3" name="TestNGDay10.AssignmentTest" time="26.084" errors="0" timestamp="2024-03-26T10:26:55 CDT" skipped="0">
  <testcase classname="TestNGDay10.AssignmentTest" name="testCase2" time="7.079"/>
  <testcase classname="TestNGDay10.AssignmentTest" name="testCase1" time="7.562"/>
  <testcase classname="TestNGDay10.AssignmentTest" name="testCase3" time="11.443"/>
</testsuite> <!-- TestNGDay10.AssignmentTest -->
