<?xml version="1.0" encoding="UTF-8"?>
<!-- Generated by org.testng.reporters.JUnitReportReporter -->
<testsuite hostname="DESKTOP-H0QBEHU" failures="0" tests="5" name="Day15_Data_driven.RegTes" time="27.344" errors="0" timestamp="2024-04-01T14:58:21 CDT" skipped="0">
  <testcase classname="Day15_Data_driven.RegTes" name="verifyRegisterWithNoDetails" time="5.105"/>
  <testcase classname="Day15_Data_driven.RegTes" name="verifyRegisterWithMandatoryDetails" time="5.521"/>
  <testcase classname="Day15_Data_driven.RegTes" name="verifyRegisterWithAllDetails" time="5.614"/>
  <testcase classname="Day15_Data_driven.RegTes" name="verifyRegisterWithExistingEmail" time="5.616"/>
  <testcase classname="Day15_Data_driven.RegTes" name="verifyRegisterWithWrongConfirmPassword" time="5.488"/>
</testsuite> <!-- Day15_Data_driven.RegTes -->
