<?xml version="1.0" encoding="UTF-8"?>
<!-- Generated by org.testng.reporters.JUnitReportReporter -->
<testsuite hostname="DESKTOP-H0QBEHU" failures="0" tests="2" name="Day23_Collection_Framwork.Looping_Dropdown" time="24.705" errors="0" timestamp="2024-04-16T15:31:29 CDT" skipped="0">
  <testcase classname="Day23_Collection_Framwork.Looping_Dropdown" name="spiceJet" time="0.001"/>
  <testcase classname="Day23_Collection_Framwork.Looping_Dropdown" name="loopingDropDownEaseMyTrip" time="24.704"/>
</testsuite> <!-- Day23_Collection_Framwork.Looping_Dropdown -->
