<?xml version="1.0" encoding="UTF-8"?>
<!-- Generated by org.testng.reporters.JUnitReportReporter -->
<testsuite hostname="DESKTOP-H0QBEHU" failures="0" tests="1" name="TestNGDay10.Annotation_of_TestNG" time="0.013" errors="0" timestamp="2024-03-25T11:55:10 CDT" skipped="0">
  <testcase classname="TestNGDay10.Annotation_of_TestNG" name="testCase1" time="0.013"/>
</testsuite> <!-- TestNGDay10.Annotation_of_TestNG -->
