<?xml version="1.0" encoding="UTF-8"?>
<!-- Generated by org.testng.reporters.JUnitReportReporter -->
<testsuite hostname="DESKTOP-H0QBEHU" failures="0" tests="1" name="Day11.NavigateToWebsite" time="11.018" errors="0" timestamp="2024-04-04T08:30:07 CDT" skipped="0">
  <testcase classname="Day11.NavigateToWebsite" name="openAllWebsite" time="11.018"/>
</testsuite> <!-- Day11.NavigateToWebsite -->
