<?xml version="1.0" encoding="UTF-8"?>
<!-- Generated by org.testng.reporters.JUnitReportReporter -->
<testsuite hostname="DESKTOP-H0QBEHU" failures="0" tests="1" name="Day18WaitBrowserOpetion.KeyBaord_Actions" time="7.791" errors="0" timestamp="2024-04-04T15:50:19 CDT" skipped="0">
  <testcase classname="Day18WaitBrowserOpetion.KeyBaord_Actions" name="loginTutorialsNinjaKeyBoard" time="7.791"/>
</testsuite> <!-- Day18WaitBrowserOpetion.KeyBaord_Actions -->
