<?xml version="1.0" encoding="UTF-8"?>
<!-- Generated by org.testng.reporters.JUnitReportReporter -->
<testsuite hostname="DESKTOP-H0QBEHU" failures="0" tests="3" name="Day20.SanityTesting" time="0.002" errors="0" timestamp="2024-04-11T09:36:59 CDT" skipped="0">
  <testcase classname="Day20.SanityTesting" name="test7" time="0.000"/>
  <testcase classname="Day20.SanityTesting" name="test8" time="0.001"/>
  <testcase classname="Day20.SanityTesting" name="test9" time="0.001"/>
</testsuite> <!-- Day20.SanityTesting -->
