<?xml version="1.0" encoding="UTF-8"?>
<!-- Generated by org.testng.reporters.JUnitReportReporter -->
<testsuite hostname="DESKTOP-H0QBEHU" failures="0" tests="1" name="Day18WaitBrowserOpetion.Screenshots" time="6.594" errors="0" timestamp="2024-04-04T14:06:58 CDT" skipped="0">
  <testcase classname="Day18WaitBrowserOpetion.Screenshots" name="howToScreenShot" time="6.594"/>
</testsuite> <!-- Day18WaitBrowserOpetion.Screenshots -->
