<?xml version="1.0" encoding="UTF-8"?>
<!-- Generated by org.testng.reporters.JUnitReportReporter -->
<testsuite hostname="DESKTOP-H0QBEHU" failures="0" tests="1" name="Day18WaitBrowserOpetion.ZoomIn_ZoomOut" time="10.874" errors="0" timestamp="2024-04-04T13:07:10 CDT" skipped="0">
  <testcase classname="Day18WaitBrowserOpetion.ZoomIn_ZoomOut" name="zoomInZooOut" time="10.874"/>
</testsuite> <!-- Day18WaitBrowserOpetion.ZoomIn_ZoomOut -->
