<?xml version="1.0" encoding="UTF-8"?>
<!-- Generated by org.testng.reporters.JUnitReportReporter -->
<testsuite hostname="DESKTOP-H0QBEHU" failures="0" tests="5" name="TestNGDay10.TutorialsNinjaRegister_Negative_TestCases" time="31.145" errors="0" timestamp="2024-03-25T12:19:06 CDT" skipped="0">
  <testcase classname="TestNGDay10.TutorialsNinjaRegister_Negative_TestCases" name="registerWithMandatoryDetails" time="5.999"/>
  <testcase classname="TestNGDay10.TutorialsNinjaRegister_Negative_TestCases" name="registerWithAllDetails" time="6.572"/>
  <testcase classname="TestNGDay10.TutorialsNinjaRegister_Negative_TestCases" name="registerWithNoDetails" time="5.405"/>
  <testcase classname="TestNGDay10.TutorialsNinjaRegister_Negative_TestCases" name="registerWithPasswordConfirmMismatch" time="7.439"/>
  <testcase classname="TestNGDay10.TutorialsNinjaRegister_Negative_TestCases" name="registerWithExistingEmail" time="5.730"/>
</testsuite> <!-- TestNGDay10.TutorialsNinjaRegister_Negative_TestCases -->
