<?xml version="1.0" encoding="UTF-8"?>
<!-- Generated by org.testng.reporters.JUnitReportReporter -->
<testsuite hostname="DESKTOP-H0QBEHU" failures="0" tests="5" name="Day16.Login" time="29.288" errors="0" timestamp="2024-04-11T10:56:29 CDT" skipped="0">
  <testcase classname="Day16.Login" name="loginTest" time="5.245"/>
  <testcase classname="Day16.Login" name="loginTest" time="7.302"/>
  <testcase classname="Day16.Login" name="loginTest" time="5.202"/>
  <testcase classname="Day16.Login" name="loginTest" time="6.751"/>
  <testcase classname="Day16.Login" name="loginTest" time="4.788"/>
</testsuite> <!-- Day16.Login -->
